Compilación iniciada a las 25/10/2015 22:07:37.
     1>Proyecto "C:\Users\Alicia\Documents\FIB\VJ\OpenGL2DGame\p03 (Bubble returns!)\2DEngine.vcxproj" en el nodo 2 (Build destinos).
     1>ClCompile:
         C:\Program Files (x86)\Microsoft Visual Studio 14.0\VC\bin\CL.exe /c /ZI /nologo /W3 /WX- /Od /Oy- /D WIN32 /D _DEBUG /D _CONSOLE /D _VC80_UPGRADE=0x0710 /D _MBCS /Gm /EHsc /RTC1 /MTd /GS /fp:precise /Zc:wchar_t /Zc:forScope /Zc:inline /Fo"Debug\\" /Fd"Debug\vc140.pdb" /Gd /TP /analyze- /errorReport:prompt GLUTMain.cpp cBicho.cpp cGame.cpp cPlayer.cpp
         cPlayer.cpp
         cGame.cpp
     1>c:\users\alicia\documents\fib\vj\opengl2dgame\p03 (bubble returns!)\cgame.cpp(85): warning C4800: 'int': forzando el valor a bool 'true' o 'false' (advertencia de rendimiento)
     1>c:\users\alicia\documents\fib\vj\opengl2dgame\p03 (bubble returns!)\cgame.cpp(94): warning C4800: 'int': forzando el valor a bool 'true' o 'false' (advertencia de rendimiento)
         Generando código...
         Compilando...
         cBicho.cpp
         GLUTMain.cpp
         Generando código...
       Link:
         C:\Program Files (x86)\Microsoft Visual Studio 14.0\VC\bin\link.exe /ERRORREPORT:PROMPT /OUT:"Debug\2DEngine.exe" /INCREMENTAL /NOLOGO kernel32.lib user32.lib gdi32.lib winspool.lib comdlg32.lib advapi32.lib shell32.lib ole32.lib oleaut32.lib uuid.lib odbc32.lib odbccp32.lib /MANIFEST /MANIFESTUAC:"level='asInvoker' uiAccess='false'" /manifest:embed /Debug /PDB:"Debug\2DEngine.pdb" /SUBSYSTEM:CONSOLE /TLBID:1 /DYNAMICBASE /NXCOMPAT /IMPLIB:"Debug\2DEngine.lib" /MACHINE:X86 /SAFESEH Debug\cBicho.obj
         Debug\cData.obj
         Debug\cGame.obj
         Debug\cPlayer.obj
         Debug\cScene.obj
         Debug\cTexture.obj
         Debug\GLUTMain.obj
     1>cBicho.obj : warning LNK4075: se omite '/EDITANDCONTINUE' debido a la especificación '/SAFESEH'
         2DEngine.vcxproj -> C:\Users\Alicia\Documents\FIB\VJ\OpenGL2DGame\p03 (Bubble returns!)\Debug\2DEngine.exe
     1>Compilación del proyecto terminada "C:\Users\Alicia\Documents\FIB\VJ\OpenGL2DGame\p03 (Bubble returns!)\2DEngine.vcxproj" (Build destinos).

Compilación correcta.

Tiempo transcurrido 00:00:06.47
